# JRE version: OpenJDK Runtime Environment (8.0_362-b09) (build 1.8.0_362-b09)
# Java VM: OpenJDK 64-Bit Server VM (25.362-b09 mixed mode windows-amd64 compressed oops)
Heap:
 PSYoungGen      total 193536K, used 82735K [0x00000000d6200000, 0x00000000e3e80000, 0x0000000100000000)
  eden space 182272K, 39% used [0x00000000d6200000,0x00000000da7d1230,0x00000000e1400000)
  from space 11264K, 99% used [0x00000000e2200000,0x00000000e2cfab88,0x00000000e2d00000)
  to   space 14336K, 0% used [0x00000000e1400000,0x00000000e1400000,0x00000000e2200000)
 ParOldGen       total 82944K, used 21010K [0x0000000082600000, 0x0000000087700000, 0x00000000d6200000)
  object space 82944K, 25% used [0x0000000082600000,0x0000000083a84be8,0x0000000087700000)
 Metaspace       used 54370K, capacity 57364K, committed 57600K, reserved 1099776K
  class space    used 7317K, capacity 7817K, committed 7936K, reserved 1048576K
GC Heap History (10 events):
Event: 7.152 GC heap before
{Heap before GC invocations=6 (full 1):
 PSYoungGen      total 70656K, used 5093K [0x00000000d6200000, 0x00000000df200000, 0x0000000100000000)
  eden space 65536K, 0% used [0x00000000d6200000,0x00000000d6200000,0x00000000da200000)
  from space 5120K, 99% used [0x00000000da200000,0x00000000da6f97d8,0x00000000da700000)
  to   space 8192K, 0% used [0x00000000dea00000,0x00000000dea00000,0x00000000df200000)
 ParOldGen       total 86016K, used 4910K [0x0000000082600000, 0x0000000087a00000, 0x00000000d6200000)
  object space 86016K, 5% used [0x0000000082600000,0x0000000082acba10,0x0000000087a00000)
 Metaspace       used 20306K, capacity 21110K, committed 21248K, reserved 1067008K
  class space    used 2511K, capacity 2707K, committed 2816K, reserved 1048576K
Event: 7.205 GC heap after
Heap after GC invocations=6 (full 1):
 PSYoungGen      total 70656K, used 0K [0x00000000d6200000, 0x00000000df200000, 0x0000000100000000)
  eden space 65536K, 0% used [0x00000000d6200000,0x00000000d6200000,0x00000000da200000)
  from space 5120K, 0% used [0x00000000da200000,0x00000000da200000,0x00000000da700000)
  to   space 8192K, 0% used [0x00000000dea00000,0x00000000dea00000,0x00000000df200000)
 ParOldGen       total 51712K, used 6304K [0x0000000082600000, 0x0000000085880000, 0x00000000d6200000)
  object space 51712K, 12% used [0x0000000082600000,0x0000000082c281e0,0x0000000085880000)
 Metaspace       used 20306K, capacity 21110K, committed 21248K, reserved 1067008K
  class space    used 2511K, capacity 2707K, committed 2816K, reserved 1048576K
}
Event: 9.733 GC heap before
{Heap before GC invocations=7 (full 1):
 PSYoungGen      total 70656K, used 65536K [0x00000000d6200000, 0x00000000df200000, 0x0000000100000000)
  eden space 65536K, 100% used [0x00000000d6200000,0x00000000da200000,0x00000000da200000)
  from space 5120K, 0% used [0x00000000da200000,0x00000000da200000,0x00000000da700000)
  to   space 8192K, 0% used [0x00000000dea00000,0x00000000dea00000,0x00000000df200000)
 ParOldGen       total 51712K, used 6304K [0x0000000082600000, 0x0000000085880000, 0x00000000d6200000)
  object space 51712K, 12% used [0x0000000082600000,0x0000000082c281e0,0x0000000085880000)
 Metaspace       used 24299K, capacity 25546K, committed 25600K, reserved 1071104K
  class space    used 3042K, capacity 3317K, committed 3328K, reserved 1048576K
Event: 9.775 GC heap after
Heap after GC invocations=7 (full 1):
 PSYoungGen      total 118272K, used 6416K [0x00000000d6200000, 0x00000000df080000, 0x0000000100000000)
  eden space 111616K, 0% used [0x00000000d6200000,0x00000000d6200000,0x00000000dcf00000)
  from space 6656K, 96% used [0x00000000dea00000,0x00000000df044188,0x00000000df080000)
  to   space 8192K, 0% used [0x00000000de080000,0x00000000de080000,0x00000000de880000)
 ParOldGen       total 51712K, used 6304K [0x0000000082600000, 0x0000000085880000, 0x00000000d6200000)
  object space 51712K, 12% used [0x0000000082600000,0x0000000082c281e0,0x0000000085880000)
 Metaspace       used 24299K, capacity 25546K, committed 25600K, reserved 1071104K
  class space    used 3042K, capacity 3317K, committed 3328K, reserved 1048576K
}
Event: 15.887 GC heap before
{Heap before GC invocations=8 (full 1):
 PSYoungGen      total 118272K, used 99102K [0x00000000d6200000, 0x00000000df080000, 0x0000000100000000)
  eden space 111616K, 83% used [0x00000000d6200000,0x00000000dbc839a0,0x00000000dcf00000)
  from space 6656K, 96% used [0x00000000dea00000,0x00000000df044188,0x00000000df080000)
  to   space 8192K, 0% used [0x00000000de080000,0x00000000de080000,0x00000000de880000)
 ParOldGen       total 51712K, used 6304K [0x0000000082600000, 0x0000000085880000, 0x00000000d6200000)
  object space 51712K, 12% used [0x0000000082600000,0x0000000082c281e0,0x0000000085880000)
 Metaspace       used 33309K, capacity 35280K, committed 35416K, reserved 1081344K
  class space    used 4182K, capacity 4522K, committed 4608K, reserved 1048576K
Event: 15.913 GC heap after
Heap after GC invocations=8 (full 1):
 PSYoungGen      total 137728K, used 8189K [0x00000000d6200000, 0x00000000e2d00000, 0x0000000100000000)
  eden space 129536K, 0% used [0x00000000d6200000,0x00000000d6200000,0x00000000de080000)
  from space 8192K, 99% used [0x00000000de080000,0x00000000de87f7c0,0x00000000de880000)
  to   space 11264K, 0% used [0x00000000e2200000,0x00000000e2200000,0x00000000e2d00000)
 ParOldGen       total 51712K, used 10738K [0x0000000082600000, 0x0000000085880000, 0x00000000d6200000)
  object space 51712K, 20% used [0x0000000082600000,0x000000008307c9b0,0x0000000085880000)
 Metaspace       used 33309K, capacity 35280K, committed 35416K, reserved 1081344K
  class space    used 4182K, capacity 4522K, committed 4608K, reserved 1048576K
}
Event: 15.913 GC heap before
{Heap before GC invocations=9 (full 2):
 PSYoungGen      total 137728K, used 8189K [0x00000000d6200000, 0x00000000e2d00000, 0x0000000100000000)
  eden space 129536K, 0% used [0x00000000d6200000,0x00000000d6200000,0x00000000de080000)
  from space 8192K, 99% used [0x00000000de080000,0x00000000de87f7c0,0x00000000de880000)
  to   space 11264K, 0% used [0x00000000e2200000,0x00000000e2200000,0x00000000e2d00000)
 ParOldGen       total 51712K, used 10738K [0x0000000082600000, 0x0000000085880000, 0x00000000d6200000)
  object space 51712K, 20% used [0x0000000082600000,0x000000008307c9b0,0x0000000085880000)
 Metaspace       used 33309K, capacity 35280K, committed 35416K, reserved 1081344K
  class space    used 4182K, capacity 4522K, committed 4608K, reserved 1048576K
Event: 16.055 GC heap after
Heap after GC invocations=9 (full 2):
 PSYoungGen      total 137728K, used 0K [0x00000000d6200000, 0x00000000e2d00000, 0x0000000100000000)
  eden space 129536K, 0% used [0x00000000d6200000,0x00000000d6200000,0x00000000de080000)
  from space 8192K, 0% used [0x00000000de080000,0x00000000de080000,0x00000000de880000)
  to   space 11264K, 0% used [0x00000000e2200000,0x00000000e2200000,0x00000000e2d00000)
 ParOldGen       total 82944K, used 16857K [0x0000000082600000, 0x0000000087700000, 0x00000000d6200000)
  object space 82944K, 20% used [0x0000000082600000,0x0000000083676510,0x0000000087700000)
 Metaspace       used 33309K, capacity 35280K, committed 35416K, reserved 1081344K
  class space    used 4182K, capacity 4522K, committed 4608K, reserved 1048576K
}
Event: 20.667 GC heap before
{Heap before GC invocations=10 (full 2):
 PSYoungGen      total 137728K, used 129536K [0x00000000d6200000, 0x00000000e2d00000, 0x0000000100000000)
  eden space 129536K, 100% used [0x00000000d6200000,0x00000000de080000,0x00000000de080000)
  from space 8192K, 0% used [0x00000000de080000,0x00000000de080000,0x00000000de880000)
  to   space 11264K, 0% used [0x00000000e2200000,0x00000000e2200000,0x00000000e2d00000)
 ParOldGen       total 82944K, used 16857K [0x0000000082600000, 0x0000000087700000, 0x00000000d6200000)
  object space 82944K, 20% used [0x0000000082600000,0x0000000083676510,0x0000000087700000)
 Metaspace       used 48691K, capacity 51016K, committed 51328K, reserved 1093632K
  class space    used 6502K, capacity 6949K, committed 7040K, reserved 1048576K
Event: 20.707 GC heap after
Heap after GC invocations=10 (full 2):
 PSYoungGen      total 193536K, used 11242K [0x00000000d6200000, 0x00000000e3e80000, 0x0000000100000000)
  eden space 182272K, 0% used [0x00000000d6200000,0x00000000d6200000,0x00000000e1400000)
  from space 11264K, 99% used [0x00000000e2200000,0x00000000e2cfab88,0x00000000e2d00000)
  to   space 14336K, 0% used [0x00000000e1400000,0x00000000e1400000,0x00000000e2200000)
 ParOldGen       total 82944K, used 21010K [0x0000000082600000, 0x0000000087700000, 0x00000000d6200000)
  object space 82944K, 25% used [0x0000000082600000,0x0000000083a84be8,0x0000000087700000)
 Metaspace       used 48691K, capacity 51016K, committed 51328K, reserved 1093632K
  class space    used 6502K, capacity 6949K, committed 7040K, reserved 1048576K
}

